make all --print-data-base --no-builtin-variables --no-builtin-rules --question
make: *** No rule to make target 'all'.  Stop.
 
# GNU Make 4.3
# Built for x86_64-pc-linux-gnu
# Copyright (C) 1988-2020 Free Software Foundation, Inc.
# License GPLv3+: GNU GPL version 3 or later <http://gnu.org/licenses/gpl.html>
# This is free software: you are free to change and redistribute it.
# There is NO WARRANTY, to the extent permitted by law.

# Make data base, printed on Sun Jan 23 22:54:37 2022

# Variables

# environment
GDK_BACKEND = x11
# environment
LC_ALL = C
# environment
GTK_RC_FILES = /etc/gtk/gtkrc:/home/jan/.gtkrc:/home/jan/.config/gtkrc
# environment
VSCODE_IPC_HOOK_EXTHOST = /run/user/1000/vscode-ipc-c706c3f0-2fc1-4a94-ac97-0b96890cf4fb.sock
# environment
MANDATORY_PATH = /usr/share/gconf/plasma.mandatory.path
# environment
LC_NAME = pl_PL.UTF-8
# environment
LC_NUMERIC = pl_PL.UTF-8
# environment
VSCODE_CWD = /home/dev
# environment
LC_ADDRESS = pl_PL.UTF-8
# default
MAKE_COMMAND := make
# environment
QT_ACCESSIBILITY = 1
# automatic
@D = $(patsubst %/,%,$(dir $@))
# environment
VSCODE_HANDLES_UNCAUGHT_ERRORS = true
# default
.VARIABLES := 
# environment
PWD = /home/dev/modman
# automatic
%D = $(patsubst %/,%,$(dir $%))
# environment
XDG_DATA_DIRS = /usr/share/plasma:/home/jan/.local/share/flatpak/exports/share:/var/lib/flatpak/exports/share:/usr/local/share:/usr/share:/var/lib/snapd/desktop
# automatic
^D = $(patsubst %/,%,$(dir $^))
# environment
VSCODE_LOG_STACK = false
# automatic
%F = $(notdir $%)
# environment
VSCODE_CODE_CACHE_PATH = /home/jan/.config/VSCodium/CachedData/899d46d82c4c95423fb7e10e68eba52050e30ba3
# environment
XDG_SESSION_PATH = /org/freedesktop/DisplayManager/Session0
# environment
LANG = C
# environment
XAUTHORITY = /home/jan/.Xauthority
# default
.LOADED := 
# default
.INCLUDE_DIRS = /usr/local/include /usr/include /usr/include
# makefile
MAKEFLAGS = pqrR
# makefile
CURDIR := /home/dev/modman
# environment
VSCODE_PIPE_LOGGING = true
# environment
APPLICATION_INSIGHTS_NO_DIAGNOSTIC_CHANNEL = true
# automatic
*D = $(patsubst %/,%,$(dir $*))
# environment
MFLAGS = -pqrR
# environment
SSH_AUTH_SOCK = /tmp/ssh-jXa8dQy2abgU/agent.1126
# default
.SHELLFLAGS := -c
# environment
XDG_CONFIG_DIRS = /home/jan/.config/kdedefaults:/etc/xdg/xdg-plasma:/etc/xdg:/usr/share/kubuntu-default-settings/kf5-settings
# automatic
+D = $(patsubst %/,%,$(dir $+))
# environment
XCURSOR_THEME = breeze_cursors
# environment
VSCODE_CRASH_REPORTER_START_OPTIONS = {"companyName":"Microsoft","productName":"VSCodium","submitURL":"","uploadToServer":false}
# environment
XDG_SESSION_DESKTOP = KDE
# makefile (from 'Makefile', line 1)
MAKEFILE_LIST := Makefile
# automatic
@F = $(notdir $@)
# environment
VSCODE_VERBOSE_LOGGING = true
# environment
VSCODE_PID = 9451
# environment
XDG_SESSION_TYPE = x11
# automatic
?D = $(patsubst %/,%,$(dir $?))
# environment
SESSION_MANAGER = local/komp:@/tmp/.ICE-unix/1350,unix/komp:/tmp/.ICE-unix/1350
# automatic
*F = $(notdir $*)
# environment
CHROME_DESKTOP = codium-url-handler.desktop
# environment
DBUS_SESSION_BUS_ADDRESS = unix:path=/run/user/1000/bus
# automatic
<D = $(patsubst %/,%,$(dir $<))
# environment
VSCODE_NLS_CONFIG = {"locale":"en-us","availableLanguages":{},"_languagePackSupport":true}
# environment
BREAKPAD_DUMP_LOCATION = /home/jan/.config/VSCodium/exthost Crash Reports
# default
MAKE_HOST := x86_64-pc-linux-gnu
# makefile
SHELL = /bin/sh
# default
MAKECMDGOALS := all
# environment
XMODIFIERS = @im=ibus
# environment
SHLVL = 0
# environment
MAKELEVEL := 0
# default
MAKE = $(MAKE_COMMAND)
# environment
PATH = /usr/local/sbin:/usr/local/bin:/usr/sbin:/usr/bin:/sbin:/bin:/usr/games:/usr/local/games:/snap/bin
# default
MAKEFILES := 
# environment
LC_MONETARY = pl_PL.UTF-8
# automatic
^F = $(notdir $^)
# environment
LC_TIME = pl_PL.UTF-8
# environment
VSCODE_LOG_NATIVE = false
# environment
LC_TELEPHONE = pl_PL.UTF-8
# automatic
?F = $(notdir $?)
# environment
KDE_APPLICATIONS_AS_SCOPE = 1
# environment
XDG_SEAT = seat0
# environment
GTK_IM_MODULE = ibus
# environment
XDG_CURRENT_DESKTOP = KDE
# automatic
+F = $(notdir $+)
# environment
XDG_SEAT_PATH = /org/freedesktop/DisplayManager/Seat0
# environment
DESKTOP_SESSION = plasma
# environment
ORIGINAL_XDG_CURRENT_DESKTOP = KDE
# 'override' directive
GNUMAKEFLAGS := 
# environment
QT_SCREEN_SCALE_FACTORS = DVI-I-0=1;DVI-I-1=1;HDMI-0=1;DP-0=1;DP-1=1;DP-2=1;DP-3=1;DP-4=1;DP-5=1;
# environment
CLUTTER_IM_MODULE = ibus
# environment
LOGNAME = jan
# environment
XDG_VTNR = 1
# makefile
.DEFAULT_GOAL := build
# environment
DISPLAY = :0
# environment
USER = jan
# environment
DEFAULTS_PATH = /usr/share/gconf/plasma.default.path
# environment
KDE_SESSION_UID = 1000
# default
MAKE_VERSION := 4.3
# environment
LC_MEASUREMENT = pl_PL.UTF-8
# environment
SSH_AGENT_PID = 1210
# environment
_ = /usr/share/codium/codium
# environment
LC_PAPER = pl_PL.UTF-8
 
# environment
XDG_RUNTIME_DIR = /run/user/1000
# environment
GPG_AGENT_INFO = /run/user/1000/gnupg/S.gpg-agent:0:1
# environment
XDG_SESSION_CLASS = user
# environment
VSCODE_AMD_ENTRYPOINT = vs/workbench/services/extensions/node/extensionHostProcess
# environment
GTK2_RC_FILES = /etc/gtk-2.0/gtkrc:/home/jan/.gtkrc-2.0:/home/jan/.config/gtkrc-2.0
# environment
HOME = /home/jan
# environment
QT_IM_MODULE = ibus
# environment
ELECTRON_RUN_AS_NODE = 1
# environment
VSCODE_IPC_HOOK = /run/user/1000/vscode-99d86857-1.63.2-main.sock
# environment
XDG_SESSION_ID = 1
# environment
XCURSOR_SIZE = 24
# environment
IM_CONFIG_PHASE = 1
# default
.RECIPEPREFIX := 
# automatic
<F = $(notdir $<)
# default
SUFFIXES := 
# environment
QT_AUTO_SCREEN_SCALE_FACTOR = 0
# environment
KDE_SESSION_VERSION = 5
# default
.FEATURES := target-specific order-only second-expansion else-if shortest-stem undefine oneshell nocomment grouped-target extra-prereqs archives jobserver output-sync check-symlink load
# environment
KDE_FULL_SESSION = true
# environment
LC_IDENTIFICATION = pl_PL.UTF-8
# variable set hash-table stats:
# Load=110/1024=11%, Rehash=0, Collisions=6/140=4%

# Pattern-specific Variable Values

# No pattern-specific variable values.

# Directories

# src (device 66307, inode 11813229): 10 files, no impossibilities.
# . (device 66307, inode 11812953): 22 files, no impossibilities.
# out (device 66307, inode 11813110): 23 files, no impossibilities.

# 55 files, no impossibilities in 3 directories.

# Implicit Rules

# No implicit rules.

# Files

# Not a target:
out/filedef.js.map:
#  Implicit rule search has not been done.
#  Modification time never checked.
#  File has not been updated.

# Not a target:
out/api_direct.js:
#  Implicit rule search has not been done.
#  Modification time never checked.
#  File has not been updated.

# Not a target:
out/modrinth_api.js:
#  Implicit rule search has not been done.
#  Modification time never checked.
#  File has not been updated.

# Not a target:
out/api_direct.js.map:
#  Implicit rule search has not been done.
#  Modification time never checked.
#  File has not been updated.

# Not a target:
src/api.ts:
#  Implicit rule search has not been done.
#  Modification time never checked.
#  File has not been updated.

# Not a target:
out/download.js:
#  Implicit rule search has not been done.
#  Modification time never checked.
#  File has not been updated.

# Not a target:
out/api.js.map:
#  Implicit rule search has not been done.
#  Modification time never checked.
#  File has not been updated.

# Not a target:
Makefile:
#  Implicit rule search has been done.
#  Last modified 2022-01-19 15:20:34.428449508
#  File has been updated.
#  Successfully updated.

# Not a target:
out/util.js.map:
#  Implicit rule search has not been done.
#  Modification time never checked.
#  File has not been updated.

# Not a target:
out/main.js.map:
#  Implicit rule search has not been done.
#  Modification time never checked.
#  File has not been updated.

# Not a target:
out/modrinth_api.js.map:
#  Implicit rule search has not been done.
#  Modification time never checked.
#  File has not been updated.

clean: out/api.js out/api.js.map out/api_direct.js out/api_direct.js.map out/configuration.js out/configuration.js.map out/context.js out/context.js.map out/download.js out/download.js.map out/filedef.js out/filedef.js.map out/main.js out/main.js.map out/modrinth_api.js out/modrinth_api.js.map out/package.js out/package.js.map out/program.js.map out/util.js out/util.js.map
#  Implicit rule search has not been done.
#  Modification time never checked.
#  File has not been updated.
#  recipe to execute (from 'Makefile', line 8):
	rm out/*

# Not a target:
src/filedef.ts:
#  Implicit rule search has not been done.
#  Modification time never checked.
#  File has not been updated.

# Not a target:
out/util.js:
#  Implicit rule search has not been done.
#  Modification time never checked.
#  File has not been updated.

# Not a target:
out/context.js.map:
#  Implicit rule search has not been done.
#  Modification time never checked.
#  File has not been updated.

# Not a target:
out/api.js:
#  Implicit rule search has not been done.
#  Modification time never checked.
#  File has not been updated.

# Not a target:
out/main.js:
#  Implicit rule search has not been done.
#  Modification time never checked.
#  File has not been updated.

# Not a target:
out/configuration.js:
#  Implicit rule search has not been done.
#  Modification time never checked.
#  File has not been updated.

# Not a target:
out/configuration.js.map:
#  Implicit rule search has not been done.
#  Modification time never checked.
#  File has not been updated.

# Not a target:
src/util.ts:
#  Implicit rule search has not been done.
#  Modification time never checked.
#  File has not been updated.

# Not a target:
out/program.js.map:
#  Implicit rule search has not been done.
#  Modification time never checked.
#  File has not been updated.

# Not a target:
.DEFAULT:
#  Implicit rule search has not been done.
#  Modification time never checked.
#  File has not been updated.

# Not a target:
all:
#  Command line target.
#  Implicit rule search has been done.
#  File does not exist.
#  File has not been updated.

 
# Not a target:
src/configuration.ts:
#  Implicit rule search has not been done.
#  Modification time never checked.
#  File has not been updated.

# Not a target:
out/context.js:
#  Implicit rule search has not been done.
#  Modification time never checked.
#  File has not been updated.

build: src/api.ts src/configuration.ts src/context.ts src/filedef.ts src/main.ts src/modrinth_api.ts src/package.ts src/util.ts
#  Implicit rule search has not been done.
#  Modification time never checked.
#  File has not been updated.
#  recipe to execute (from 'Makefile', line 2):
	tsc -p tsconfig.json

# Not a target:
out/filedef.js:
#  Implicit rule search has not been done.
#  Modification time never checked.
#  File has not been updated.

# Not a target:
src/package.ts:
#  Implicit rule search has not been done.
#  Modification time never checked.
#  File has not been updated.

# Not a target:
out/package.js.map:
#  Implicit rule search has not been done.
#  Modification time never checked.
#  File has not been updated.

# Not a target:
src/context.ts:
#  Implicit rule search has not been done.
#  Modification time never checked.
#  File has not been updated.

# Not a target:
src/main.ts:
#  Implicit rule search has not been done.
#  Modification time never checked.
#  File has not been updated.

install: build
#  Implicit rule search has not been done.
#  Modification time never checked.
#  File has not been updated.
#  recipe to execute (from 'Makefile', line 5):
	sudo npm install -g . --force

# Not a target:
out/package.js:
#  Implicit rule search has not been done.
#  Modification time never checked.
#  File has not been updated.

# Not a target:
src/modrinth_api.ts:
#  Implicit rule search has not been done.
#  Modification time never checked.
#  File has not been updated.

# Not a target:
out/download.js.map:
#  Implicit rule search has not been done.
#  Modification time never checked.
#  File has not been updated.

# files hash-table stats:
# Load=36/1024=4%, Rehash=0, Collisions=2/76=3%
# VPATH Search Paths

# No 'vpath' search paths.

# No general ('VPATH' variable) search path.

# strcache buffers: 1 (0) / strings = 88 / storage = 1260 B / avg = 14 B
# current buf: size = 8162 B / used = 1260 B / count = 88 / avg = 14 B

# strcache performance: lookups = 102 / hit rate = 13%
# hash-table stats:
# Load=88/8192=1%, Rehash=0, Collisions=0/102=0%
# Finished Make data base on Sun Jan 23 22:54:37 2022

 
